<?xml version="1.0" encoding="UTF-8"?>
<!-- Generated by org.testng.reporters.JUnitXMLReporter -->
<testsuite hostname="ubuntudell1" name="Registration" tests="4" failures="0" timestamp="14 Oct 2013 05:47:12 GMT" time="0.016" errors="0">
  <testcase name="saveUserCountry" time="0.006" classname="com.jenkins.test.UserDelegateTest"/>
  <testcase name="saveUserEmailID" time="0.0" classname="com.jenkins.test.UserDelegateTest"/>
  <testcase name="saveUserNameTest" time="0.001" classname="com.jenkins.test.UserDelegateTest"/>
  <testcase name="saveUserPhoneNoTest" time="0.0" classname="com.jenkins.test.UserDelegateTest"/>
</testsuite> <!-- Registration -->
