<?xml version="1.0" encoding="UTF-8"?>
<!-- Generated by org.testng.reporters.JUnitXMLReporter -->
<testsuite hostname="ubuntudell1" name="SeleniumTests" tests="3" failures="0" timestamp="12 Oct 2013 19:54:30 GMT" time="12.86" errors="0">
  <testcase name="fillForm" time="0.284" classname="com.jenkins.guiTest.Index"/>
  <testcase name="selectCountry" time="0.056" classname="com.jenkins.guiTest.Index"/>
  <testcase name="submitForm" time="1.136" classname="com.jenkins.guiTest.Index"/>
</testsuite> <!-- SeleniumTests -->
