<?xml version="1.0" encoding="UTF-8"?>
<!-- Generated by org.testng.reporters.JUnitXMLReporter -->
<testsuite hostname="device-ae5674" name="Default test" tests="6" failures="0" timestamp="8 Oct 2013 17:05:09 GMT" time="0.11" errors="0">
  <testcase name="anotherTest" time="0.029" classname="com.jenkins.test.UserDelegateTest"/>
  <testcase name="saveUserAddressTest" time="0.02" classname="com.jenkins.test.UserDelegateTest"/>
  <testcase name="saveUserCountry" time="0.0010" classname="com.jenkins.test.UserDelegateTest"/>
  <testcase name="saveUserEmailID" time="0.0010" classname="com.jenkins.test.UserDelegateTest"/>
  <testcase name="saveUserNameTest" time="0.0" classname="com.jenkins.test.UserDelegateTest"/>
  <testcase name="saveUserPhoneNoTest" time="0.0" classname="com.jenkins.test.UserDelegateTest"/>
</testsuite> <!-- Default test -->
