<?xml version="1.0" encoding="UTF-8"?>
<!-- Generated by org.testng.reporters.JUnitXMLReporter -->
<testsuite hostname="synadmins-MacBook-Pro-3.local" name="com.jenkins.guiTest" tests="3" failures="0" timestamp="7 Oct 2013 17:13:26 GMT" time="0.253" errors="0">
  <testcase name="fillForm" time="0.099" classname="com.jenkins.guiTest.Index"/>
  <testcase name="selectCountry" time="0.0020" classname="com.jenkins.guiTest.Index">
    <skipped/>
  </testcase> <!-- selectCountry -->
  <testcase name="submitForm" time="0.0010" classname="com.jenkins.guiTest.Index"/>
</testsuite> <!-- com.jenkins.guiTest -->
