<?xml version="1.0" encoding="UTF-8"?>
<!-- Generated by org.testng.reporters.JUnitXMLReporter -->
<testsuite hostname="ubuntudell1" name="com.jenkins.*" tests="9" failures="0" timestamp="11 Oct 2013 14:28:17 GMT" time="12.88" errors="0">
  <testcase name="fillForm" time="0.651" classname="com.jenkins.guiTest.Index"/>
  <testcase name="selectCountry" time="0.074" classname="com.jenkins.guiTest.Index"/>
  <testcase name="submitForm" time="1.144" classname="com.jenkins.guiTest.Index"/>
  <testcase name="anotherTest" time="0.002" classname="com.jenkins.test.UserDelegateTest"/>
  <testcase name="saveUserAddressTest" time="0.006" classname="com.jenkins.test.UserDelegateTest"/>
  <testcase name="saveUserCountry" time="0.003" classname="com.jenkins.test.UserDelegateTest"/>
  <testcase name="saveUserEmailID" time="0.003" classname="com.jenkins.test.UserDelegateTest"/>
  <testcase name="saveUserNameTest" time="0.003" classname="com.jenkins.test.UserDelegateTest"/>
  <testcase name="saveUserPhoneNoTest" time="0.002" classname="com.jenkins.test.UserDelegateTest"/>
</testsuite> <!-- com.jenkins.* -->
