<?xml version="1.0" encoding="UTF-8"?>
<!-- Generated by org.testng.reporters.JUnitXMLReporter -->
<testsuite hostname="ubuntudell1" name="com.jenkins.test" tests="6" failures="0" timestamp="11 Oct 2013 14:27:35 GMT" time="0.104" errors="0">
  <testcase name="anotherTest" time="0.033" classname="com.jenkins.test.UserDelegateTest"/>
  <testcase name="saveUserAddressTest" time="0.007" classname="com.jenkins.test.UserDelegateTest"/>
  <testcase name="saveUserCountry" time="0.002" classname="com.jenkins.test.UserDelegateTest"/>
  <testcase name="saveUserEmailID" time="0.002" classname="com.jenkins.test.UserDelegateTest"/>
  <testcase name="saveUserNameTest" time="0.002" classname="com.jenkins.test.UserDelegateTest"/>
  <testcase name="saveUserPhoneNoTest" time="0.002" classname="com.jenkins.test.UserDelegateTest"/>
</testsuite> <!-- com.jenkins.test -->
