<?xml version="1.0" encoding="UTF-8"?>
<testng-results skipped="0" failed="0" total="4" passed="4">
  <reporter-output>
  </reporter-output>
  <suite name="JenkinsDemo" duration-ms="16" started-at="2013-10-14T05:47:12Z" finished-at="2013-10-14T05:47:12Z">
    <groups>
    </groups>
    <test name="Registration" duration-ms="16" started-at="2013-10-14T05:47:12Z" finished-at="2013-10-14T05:47:12Z">
      <class name="com.jenkins.test.UserDelegateTest">
        <test-method status="PASS" signature="saveUserCountry()[pri:0, instance:com.jenkins.test.UserDelegateTest@41d26b41]" name="saveUserCountry" duration-ms="6" started-at="2013-10-14T11:17:12Z" finished-at="2013-10-14T11:17:12Z">
          <reporter-output>
          </reporter-output>
        </test-method> <!-- saveUserCountry -->
        <test-method status="PASS" signature="saveUserNameTest()[pri:0, instance:com.jenkins.test.UserDelegateTest@41d26b41]" name="saveUserNameTest" duration-ms="1" started-at="2013-10-14T11:17:12Z" finished-at="2013-10-14T11:17:12Z">
          <reporter-output>
          </reporter-output>
        </test-method> <!-- saveUserNameTest -->
        <test-method status="PASS" signature="saveUserEmailID()[pri:0, instance:com.jenkins.test.UserDelegateTest@41d26b41]" name="saveUserEmailID" duration-ms="0" started-at="2013-10-14T11:17:12Z" finished-at="2013-10-14T11:17:12Z">
          <reporter-output>
          </reporter-output>
        </test-method> <!-- saveUserEmailID -->
        <test-method status="PASS" signature="saveUserPhoneNoTest()[pri:0, instance:com.jenkins.test.UserDelegateTest@41d26b41]" name="saveUserPhoneNoTest" duration-ms="0" started-at="2013-10-14T11:17:12Z" finished-at="2013-10-14T11:17:12Z">
          <reporter-output>
          </reporter-output>
        </test-method> <!-- saveUserPhoneNoTest -->
      </class> <!-- com.jenkins.test.UserDelegateTest -->
    </test> <!-- Registration -->
  </suite> <!-- JenkinsDemo -->
</testng-results>
